INFO:__main__:Extracting data from CSV files in directory: C:/Users/Sam/Documents/GitHub/ETL_MP/datasource/
INFO:__main__:Found 3 CSV files in directory
INFO:__main__:Reading data from file: used_car_prices1.csv
INFO:__main__:Reading data from file: used_car_prices2.csv
INFO:__main__:Reading data from file: used_car_prices3.csv
INFO:__main__:Data extraction complete
INFO:__main__:Extracting data from CSV files in directory: C:/Users/Sam/Documents/GitHub/ETL_MP/datasource/
INFO:__main__:Found 3 CSV files in directory
INFO:__main__:Reading data from file: used_car_prices1.csv
INFO:__main__:Reading data from file: used_car_prices2.csv
INFO:__main__:Reading data from file: used_car_prices3.csv
INFO:__main__:Data extraction complete
INFO:__main__:Extracting data from CSV files in directory: C:/Users/Sam/Documents/GitHub/ETL_MP/datasource/
INFO:__main__:Found 3 CSV files in directory
INFO:__main__:Reading data from file: used_car_prices1.csv
INFO:__main__:Reading data from file: used_car_prices2.csv
INFO:__main__:Reading data from file: used_car_prices3.csv
INFO:__main__:Data extraction complete
INFO:__main__:Extracting data from CSV files in directory: C:/Users/Sam/Documents/GitHub/ETL_MP/datasource/
INFO:__main__:Found 3 CSV files in directory
INFO:__main__:Reading data from file: used_car_prices1.csv
INFO:__main__:Reading data from file: used_car_prices2.csv
INFO:__main__:Reading data from file: used_car_prices3.csv
INFO:__main__:Data extraction complete
INFO:__main__:Extracting data from CSV files in directory: C:/Users/Sam/Documents/GitHub/ETL_MP/datasource/
INFO:__main__:Found 3 CSV files in directory
INFO:__main__:Reading data from file: used_car_prices1.csv
INFO:__main__:Reading data from file: used_car_prices2.csv
INFO:__main__:Reading data from file: used_car_prices3.csv
INFO:__main__:Data extraction complete
INFO:__main__:Extracting data from CSV files in directory: C:/Users/Sam/Documents/GitHub/ETL_MP/datasource/
INFO:__main__:Found 3 CSV files in directory
INFO:__main__:Reading data from file: used_car_prices1.csv
INFO:__main__:Reading data from file: used_car_prices2.csv
INFO:__main__:Reading data from file: used_car_prices3.csv
INFO:__main__:Data extraction complete
INFO:__main__:Extracting data from CSV files in directory: C:/Users/Sam/Documents/GitHub/ETL_MP/datasource/
INFO:__main__:Found 3 CSV files in directory
INFO:__main__:Reading data from file: used_car_prices1.csv
INFO:__main__:Reading data from file: used_car_prices2.csv
INFO:__main__:Reading data from file: used_car_prices3.csv
INFO:__main__:Data extraction complete
INFO:__main__:Extracting data from CSV files in directory: /datasource/
INFO:__main__:Extracting data from CSV files in directory: ./datasource/
INFO:__main__:Found 3 CSV files in directory
INFO:__main__:Reading data from file: used_car_prices1.csv
INFO:__main__:Reading data from file: used_car_prices2.csv
INFO:__main__:Reading data from file: used_car_prices3.csv
INFO:__main__:Data extraction complete
INFO:__main__:Extracting data from CSV files in directory: ./datasource/
INFO:__main__:Found 3 CSV files in directory
INFO:__main__:Reading data from file: used_car_prices1.csv
INFO:__main__:Reading data from file: used_car_prices2.csv
INFO:__main__:Reading data from file: used_car_prices3.csv
INFO:__main__:Data extraction complete
INFO:__main__:Extracting data from CSV files in directory: ./datasource/
INFO:__main__:Found 3 CSV files in directory
INFO:__main__:Reading data from file: used_car_prices1.csv
INFO:__main__:Reading data from file: used_car_prices2.csv
INFO:__main__:Reading data from file: used_car_prices3.csv
INFO:__main__:Data extraction complete
INFO:__main__:Extracting data from CSV files in directory: ./datasource/
INFO:__main__:Found 3 CSV files in directory
INFO:__main__:Reading data from file: used_car_prices1.csv
INFO:__main__:Reading data from file: used_car_prices2.csv
INFO:__main__:Reading data from file: used_car_prices3.csv
INFO:__main__:Data extraction complete
ERROR:__main__:Error inserting data into table used_car: syntax error at or near ")"
LINE 1: ...facture,price,fuel) VALUES ('ritz', 2014, 5000.0, 'Petrol',)
                                                                      ^

INFO:__main__:Extracting data from CSV files in directory: ./datasource/
INFO:__main__:Found 3 CSV files in directory
INFO:__main__:Reading data from file: used_car_prices1.csv
INFO:__main__:Reading data from file: used_car_prices2.csv
INFO:__main__:Reading data from file: used_car_prices3.csv
INFO:__main__:Data extraction complete
ERROR:__main__:Error inserting data into table used_car: syntax error at or near ")"
LINE 1: ...facture,price,fuel) VALUES ('ritz', 2014, 5000.0, 'Petrol',)
                                                                      ^

INFO:__main__:Extracting data from CSV files in directory: ./datasource/
INFO:__main__:Found 3 CSV files in directory
INFO:__main__:Reading data from file: used_car_prices1.csv
INFO:__main__:Reading data from file: used_car_prices2.csv
INFO:__main__:Reading data from file: used_car_prices3.csv
INFO:__main__:Data extraction complete
ERROR:__main__:Error inserting data into table used_car: relation "used_car" does not exist
LINE 1: INSERT INTO used_car (car_model,year_of_manufacture,price,fu...
                    ^

INFO:__main__:Extracting data from CSV files in directory: ./datasource/
INFO:__main__:Found 3 CSV files in directory
INFO:__main__:Reading data from file: used_car_prices1.csv
INFO:__main__:Reading data from file: used_car_prices2.csv
INFO:__main__:Reading data from file: used_car_prices3.csv
INFO:__main__:Data extraction complete
ERROR:__main__:Error inserting data into table used_car: syntax error at end of input
LINE 1: ...T EXISTS used_car (car_model,year_of_manufacture,price,fuel)
                                                                       ^

INFO:__main__:Extracting data from CSV files in directory: ./datasource/
INFO:__main__:Found 3 CSV files in directory
INFO:__main__:Reading data from file: used_car_prices1.csv
INFO:__main__:Reading data from file: used_car_prices2.csv
INFO:__main__:Reading data from file: used_car_prices3.csv
INFO:__main__:Data extraction complete
INFO:__main__:Data insertion into table used_car successful
INFO:__main__:Extracting data from CSV files in directory: ./datasource/
INFO:__main__:Found 3 CSV files in directory
INFO:__main__:Reading data from file: used_car_prices1.csv
INFO:__main__:Reading data from file: used_car_prices2.csv
INFO:__main__:Reading data from file: used_car_prices3.csv
INFO:__main__:Data extraction complete
ERROR:__main__:Error inserting data into table ETL_test.used_car: schema "etl_test" does not exist
LINE 1: CREATE TABLE IF NOT EXISTS ETL_test.used_car (car_model VARC...
                                   ^

INFO:__main__:Extracting data from CSV files in directory: ./datasource/
INFO:__main__:Found 3 CSV files in directory
INFO:__main__:Reading data from file: used_car_prices1.csv
INFO:__main__:Reading data from file: used_car_prices2.csv
INFO:__main__:Reading data from file: used_car_prices3.csv
INFO:__main__:Data extraction complete
INFO:__main__:Data insertion into table used_car successful
INFO:__main__:Extracting data from CSV files in directory: ./datasource/
INFO:__main__:Found 3 CSV files in directory
INFO:__main__:Reading data from file: used_car_prices1.csv
INFO:__main__:Reading data from file: used_car_prices2.csv
INFO:__main__:Reading data from file: used_car_prices3.csv
INFO:__main__:Data extraction complete
INFO:__main__:Data insertion into table used_car successful
INFO:__main__:Extracting data from CSV files in directory: ./datasource/
INFO:__main__:Found 3 CSV files in directory
INFO:__main__:Reading data from file: used_car_prices1.csv
INFO:__main__:Reading data from file: used_car_prices2.csv
INFO:__main__:Reading data from file: used_car_prices3.csv
INFO:__main__:Data extraction complete
INFO:__main__:Data insertion into table ETL_API_car_data successful
INFO:__main__:Extracting data from CSV files in directory: ./datasource/
INFO:__main__:Found 3 CSV files in directory
INFO:__main__:Reading data from file: used_car_prices1.csv
INFO:__main__:Reading data from file: used_car_prices2.csv
INFO:__main__:Reading data from file: used_car_prices3.csv
INFO:__main__:Data extraction complete
INFO:__main__:Data insertion into table ETL_API_car_data successful
INFO:__main__:Extracting data from CSV files in directory: ./datasource/
INFO:__main__:Found 3 CSV files in directory
INFO:__main__:Reading data from file: used_car_prices1.csv
INFO:__main__:Reading data from file: used_car_prices2.csv
INFO:__main__:Reading data from file: used_car_prices3.csv
INFO:__main__:Data extraction complete
ERROR:__main__:Error inserting data into table ETL_API_car_data: relation "etl_api_car_data" does not exist
LINE 1: INSERT INTO ETL_API_car_data (car_model,year_of_manufacture,...
                    ^

INFO:__main__:Extracting data from CSV files in directory: ./datasource/
INFO:__main__:Found 3 CSV files in directory
INFO:__main__:Reading data from file: used_car_prices1.csv
INFO:__main__:Reading data from file: used_car_prices2.csv
INFO:__main__:Reading data from file: used_car_prices3.csv
INFO:__main__:Data extraction complete
ERROR:__main__:Error inserting data into table ETL_API_car_data: relation "etl_api_car_data" does not exist
LINE 1: INSERT INTO ETL_API_car_data (id,car_model,year_of_manufactu...
                    ^

INFO:__main__:Extracting data from CSV files in directory: ./datasource/
INFO:__main__:Found 3 CSV files in directory
INFO:__main__:Reading data from file: used_car_prices1.csv
INFO:__main__:Reading data from file: used_car_prices2.csv
INFO:__main__:Reading data from file: used_car_prices3.csv
INFO:__main__:Data extraction complete
ERROR:__main__:Error inserting data into table ETL_API_car_data: relation "etl_api_car_data" does not exist
LINE 1: INSERT INTO ETL_API_car_data (id,car_model,year_of_manufactu...
                    ^

INFO:__main__:Extracting data from CSV files in directory: ./datasource/
INFO:__main__:Found 3 CSV files in directory
INFO:__main__:Reading data from file: used_car_prices1.csv
INFO:__main__:Reading data from file: used_car_prices2.csv
INFO:__main__:Reading data from file: used_car_prices3.csv
INFO:__main__:Data extraction complete
INFO:__main__:Extracting data from CSV files in directory: ./datasource/
INFO:__main__:Found 3 CSV files in directory
INFO:__main__:Reading data from file: used_car_prices1.csv
INFO:__main__:Reading data from file: used_car_prices2.csv
INFO:__main__:Reading data from file: used_car_prices3.csv
INFO:__main__:Data extraction complete
INFO:__main__:Extracting data from CSV files in directory: ./datasource/
INFO:__main__:Found 3 CSV files in directory
INFO:__main__:Reading data from file: used_car_prices1.csv
INFO:__main__:Reading data from file: used_car_prices2.csv
INFO:__main__:Reading data from file: used_car_prices3.csv
INFO:__main__:Data extraction complete
INFO:__main__:Extracting data from CSV files in directory: ./datasource/
INFO:__main__:Found 3 CSV files in directory
INFO:__main__:Reading data from file: used_car_prices1.csv
INFO:__main__:Reading data from file: used_car_prices2.csv
INFO:__main__:Reading data from file: used_car_prices3.csv
INFO:__main__:Data extraction complete
INFO:__main__:Extracting data from CSV files in directory: ./datasource/
INFO:__main__:Found 3 CSV files in directory
INFO:__main__:Reading data from file: used_car_prices1.csv
INFO:__main__:Reading data from file: used_car_prices2.csv
INFO:__main__:Reading data from file: used_car_prices3.csv
INFO:__main__:Data extraction complete
INFO:__main__:Extracting data from CSV files in directory: ./datasource/
INFO:__main__:Found 3 CSV files in directory
INFO:__main__:Reading data from file: used_car_prices1.csv
INFO:__main__:Reading data from file: used_car_prices2.csv
INFO:__main__:Reading data from file: used_car_prices3.csv
INFO:__main__:Data extraction complete
ERROR:__main__:Error inserting data into table ETL_API_car_data: relation "etl_api_car_data" does not exist
LINE 1: INSERT INTO ETL_API_car_data (id, car_model, year_of_manufac...
                    ^

INFO:__main__:Extracting data from CSV files in directory: ./datasource/
INFO:__main__:Found 3 CSV files in directory
INFO:__main__:Reading data from file: used_car_prices1.csv
INFO:__main__:Reading data from file: used_car_prices2.csv
INFO:__main__:Reading data from file: used_car_prices3.csv
INFO:__main__:Data extraction complete
ERROR:__main__:Error inserting data into table ETL_API_car_data: relation "etl_api_car_data" does not exist
LINE 1: INSERT INTO ETL_API_car_data (id, car_model, year_of_manufac...
                    ^

INFO:__main__:Extracting data from CSV files in directory: ./datasource/
INFO:__main__:Found 3 CSV files in directory
INFO:__main__:Reading data from file: used_car_prices1.csv
INFO:__main__:Reading data from file: used_car_prices2.csv
INFO:__main__:Reading data from file: used_car_prices3.csv
INFO:__main__:Data extraction complete
ERROR:__main__:Error inserting data into table car_data: null value in column "id" of relation "car_data" violates not-null constraint
DETAIL:  Failing row contains (null, ritz, 2014, 5000.0, Petrol).

INFO:__main__:Extracting data from CSV files in directory: ./datasource/
INFO:__main__:Found 3 CSV files in directory
INFO:__main__:Reading data from file: used_car_prices1.csv
INFO:__main__:Reading data from file: used_car_prices2.csv
INFO:__main__:Reading data from file: used_car_prices3.csv
INFO:__main__:Data extraction complete
INFO:__main__:Extracting data from CSV files in directory: ./datasource/
INFO:__main__:Found 3 CSV files in directory
INFO:__main__:Reading data from file: used_car_prices1.csv
INFO:__main__:Reading data from file: used_car_prices2.csv
INFO:__main__:Reading data from file: used_car_prices3.csv
INFO:__main__:Data extraction complete
INFO:__main__:Data insertion into table car_data successful
INFO:__main__:Extracting data from CSV files in directory: ./datasource/
INFO:__main__:Found 3 CSV files in directory
INFO:__main__:Reading data from file: used_car_prices1.csv
INFO:__main__:Reading data from file: used_car_prices2.csv
INFO:__main__:Reading data from file: used_car_prices3.csv
INFO:__main__:Data extraction complete
INFO:__main__:Extracting data from CSV files in directory: ./datasource/
INFO:__main__:Found 3 CSV files in directory
INFO:__main__:Reading data from file: used_car_prices1.csv
INFO:__main__:Reading data from file: used_car_prices2.csv
INFO:__main__:Reading data from file: used_car_prices3.csv
INFO:__main__:Data extraction complete
INFO:__main__:Extracting data from CSV files in directory: ./datasource/
INFO:__main__:Found 3 CSV files in directory
INFO:__main__:Reading data from file: used_car_prices1.csv
INFO:__main__:Reading data from file: used_car_prices2.csv
INFO:__main__:Reading data from file: used_car_prices3.csv
INFO:__main__:Data extraction complete
INFO:__main__:Data insertion into table car_data successful
INFO:__main__:Extracting data from CSV files in directory: ./datasource/
INFO:__main__:Found 3 CSV files in directory
INFO:__main__:Reading data from file: used_car_prices1.csv
INFO:__main__:Reading data from file: used_car_prices2.csv
INFO:__main__:Reading data from file: used_car_prices3.csv
INFO:__main__:Data extraction complete
INFO:__main__:Extracting data from CSV files in directory: ./datasource/
INFO:__main__:Found 3 CSV files in directory
INFO:__main__:Reading data from file: used_car_prices1.csv
INFO:__main__:Reading data from file: used_car_prices2.csv
INFO:__main__:Reading data from file: used_car_prices3.csv
INFO:__main__:Data extraction complete
INFO:__main__: Extracting data from CSV files in directory: ./datasource/
INFO:__main__:Found 3 CSV files in directory
INFO:__main__:Reading data from file: used_car_prices1.csv
INFO:__main__:Reading data from file: used_car_prices2.csv
INFO:__main__:Reading data from file: used_car_prices3.csv
INFO:__main__:Data extraction complete
INFO:__main__: {current_datetime} Extracting data from CSV files in directory: ./datasource/
INFO:__main__:Found 3 CSV files in directory
INFO:__main__:Reading data from file: used_car_prices1.csv
INFO:__main__:Reading data from file: used_car_prices2.csv
INFO:__main__:Reading data from file: used_car_prices3.csv
INFO:__main__:Data extraction complete
INFO:__main__:{current_datetime} Extracting data from CSV files in directory: ./datasource/
INFO:__main__:Found 3 CSV files in directory
INFO:__main__:Reading data from file: used_car_prices1.csv
INFO:__main__:Reading data from file: used_car_prices2.csv
INFO:__main__:Reading data from file: used_car_prices3.csv
INFO:__main__:Data extraction complete
INFO:__main__:2024-01-27 23:29:48 Extracting data from CSV files in directory: ./datasource/
INFO:__main__:Found 3 CSV files in directory
INFO:__main__:Reading data from file: used_car_prices1.csv
INFO:__main__:Reading data from file: used_car_prices2.csv
INFO:__main__:Reading data from file: used_car_prices3.csv
INFO:__main__:Data extraction complete
INFO:__main__:2024-01-27 23:59:04 Extracting data from CSV files in directory: ./datasource/
INFO:__main__:2024-01-27 23:59:04Found 3 CSV files in directory
INFO:__main__:2024-01-27 23:59:04Reading data from file: used_car_prices1.csv
INFO:__main__:2024-01-27 23:59:04Reading data from file: used_car_prices2.csv
INFO:__main__:2024-01-27 23:59:04Reading data from file: used_car_prices3.csv
INFO:__main__:2024-01-27 23:59:04Data extraction complete
INFO:__main__:2024-01-27 23:59:04Data insertion into table car_data successful
